<?xml version="1.0" encoding="UTF-8" ?>
<testsuite tests="6" failures="0" name="huffmanrevisitedtests.HuffmanEncoderTest" time="0.023" errors="0" skipped="0">
  <properties>
[...]
</properties>
  <testcase classname="huffmanrevisitedtests.HuffmanEncoderTest" name="huffmanrevisitedtests.HuffmanEncoderTest.testEncodeArrayLengthWithExactWikipediaExample" time="0.017"/>
  <testcase classname="huffmanrevisitedtests.HuffmanEncoderTest" name="huffmanrevisitedtests.HuffmanEncoderTest.testEncodeWithWikipediaExample" time="0.002"/>
  <testcase classname="huffmanrevisitedtests.HuffmanEncoderTest" name="huffmanrevisitedtests.HuffmanEncoderTest.testCalcFreqsWithMinimalSequence" time="0.002"/>
  <testcase classname="huffmanrevisitedtests.HuffmanEncoderTest" name="huffmanrevisitedtests.HuffmanEncoderTest.testCalcFreqsWithEmptySequence" time="0"/>
  <testcase classname="huffmanrevisitedtests.HuffmanEncoderTest" name="huffmanrevisitedtests.HuffmanEncoderTest.testCalcFreqsWithAlphabet" time="0"/>
  <testcase classname="huffmanrevisitedtests.HuffmanEncoderTest" name="huffmanrevisitedtests.HuffmanEncoderTest.testGetTree" time="0.002"/>
</testsuite>